[2026-02-25 09:05:44][INFO] Usuario 'manel' ya tiene una sesión activa. Eliminando sesión anterior.
[2026-02-25 09:05:48][INFO] Archivo JSON leído correctamente: /var/www/practicas2026/app/aplicacionweb/assets/cache/nombreBD.json y los datos: {"nombre":"vltfddb"}
[2026-02-25 09:15:17][INFO] Archivo JSON leído correctamente: /var/www/practicas2026/app/aplicacionweb/assets/cache/nombreBD.json y los datos: {"nombre":"vltfddb"}
[2026-02-25 09:15:19][INFO] Archivo JSON leído correctamente: /var/www/practicas2026/app/aplicacionweb/assets/cache/nombreBD.json y los datos: {"nombre":"vltfddb"}
[2026-02-25 09:15:48][INFO] Archivo JSON leído correctamente: /var/www/practicas2026/app/aplicacionweb/assets/cache/nombreBD.json y los datos: {"nombre":"vltfddb"}
[2026-02-25 09:18:02][INFO] Archivo JSON leído correctamente: /var/www/practicas2026/app/aplicacionweb/assets/cache/nombreBD.json y los datos: {"nombre":"vltfddb"}
[2026-02-25 09:18:24][INFO] Archivo JSON leído correctamente: /var/www/practicas2026/app/aplicacionweb/assets/cache/nombreBD.json y los datos: {"nombre":"vltfddb"}
[2026-02-25 09:25:31][INFO] Usuario 'sergio' ya tiene una sesión activa. Eliminando sesión anterior.
[2026-02-25 09:25:33][INFO] Archivo JSON leído correctamente: /var/www/practicas2026/app/aplicacionweb/assets/cache/nombreBD.json y los datos: {"nombre":"vltfddb"}
[2026-02-25 09:33:46][INFO] Archivo JSON leído correctamente: /var/www/practicas2026/app/aplicacionweb/assets/cache/nombreBD.json y los datos: {"nombre":"vltfddb"}
[2026-02-25 10:33:08][INFO] Login: usuario no encontrado - sergioymanu
[2026-02-25 10:33:08][WARNING] Login fallido para usuario: sergioymanu
[2026-02-25 10:33:34][INFO] Archivo JSON leído correctamente: /var/www/practicas2026/app/aplicacionweb/assets/cache/nombreBD.json y los datos: {"nombre":"vltfddb"}
[2026-02-25 10:34:50][INFO] Archivo vltfddb.sql por sergio
[2026-02-25 10:34:51][INFO] Archivo procesado exitosamente: vltfddb.sql
[2026-02-25 10:35:02][INFO] Archivo JSON leído correctamente: /var/www/practicas2026/app/aplicacionweb/assets/cache/nombreBD.json y los datos: {"nombre":"vltfddb"}
[2026-02-25 10:35:22][INFO] Archivo JSON leído correctamente: /var/www/practicas2026/app/aplicacionweb/assets/cache/nombreBD.json y los datos: {"nombre":"vltfddb"}
[2026-02-25 10:35:28][ERROR] ActualizarEstadoUsuario: no se pudo actualizar el estado para usuario: 16
[2026-02-25 10:35:37][INFO] Archivo JSON leído correctamente: /var/www/practicas2026/app/aplicacionweb/assets/cache/nombreBD.json y los datos: {"nombre":"vltfddb"}
[2026-02-25 10:36:04][INFO] El archivo se ha eliminado correctamente: 82 para cliente: 40
[2026-02-25 10:36:55][INFO] El archivo se ha eliminado correctamente: 87 para cliente: 40
[2026-02-25 10:37:09][INFO] Archivo JSON leído correctamente: /var/www/practicas2026/app/aplicacionweb/assets/cache/nombreBD.json y los datos: {"nombre":"vltfddb"}
[2026-02-25 10:37:18][INFO] Archivo JSON leído correctamente: /var/www/practicas2026/app/aplicacionweb/assets/cache/nombreBD.json y los datos: {"nombre":"vltfddb"}
[2026-02-25 10:37:36][INFO] El archivo se ha eliminado correctamente: 84 para cliente: 40
[2026-02-25 10:37:39][INFO] Archivo JSON leído correctamente: /var/www/practicas2026/app/aplicacionweb/assets/cache/nombreBD.json y los datos: {"nombre":"vltfddb"}
[2026-02-25 10:38:15][INFO] El usuario se ha eliminado correctamente
[2026-02-25 10:38:15][ERROR] ActualizarEstadoUsuario: no se pudo actualizar el estado para usuario: 62
[2026-02-25 10:38:24][ERROR] Error al liberar el usuario de modificación - Usuario: 16, Admin: 16
[2026-02-25 10:38:25][INFO] Archivo JSON leído correctamente: /var/www/practicas2026/app/aplicacionweb/assets/cache/nombreBD.json y los datos: {"nombre":"vltfddb"}
[2026-02-25 10:41:07][ERROR] Error al liberar el usuario de modificación - Usuario: 16, Admin: 16
[2026-02-25 10:41:09][INFO] Archivo JSON leído correctamente: /var/www/practicas2026/app/aplicacionweb/assets/cache/nombreBD.json y los datos: {"nombre":"vltfddb"}
[2026-02-25 10:43:30][INFO] Archivo JSON leído correctamente: /var/www/practicas2026/app/aplicacionweb/assets/cache/nombreBD.json y los datos: {"nombre":"vltfddb"}
[2026-02-25 10:43:36][INFO] El archivo se ha eliminado correctamente: 85 para cliente: 40
[2026-02-25 10:43:40][INFO] El archivo se ha eliminado correctamente: 83 para cliente: 40
[2026-02-25 10:43:41][INFO] El archivo se ha eliminado correctamente: 86 para cliente: 40
[2026-02-25 10:43:54][WARNING] Acción no válida recibida: 
[2026-02-25 10:43:54][WARNING] Acción no válida recibida: 
[2026-02-25 10:43:54][WARNING] Acción no válida recibida: 
[2026-02-25 10:43:55][WARNING] Intento de subir archivo sin archivo válido. Error: 1
[2026-02-25 10:43:55][WARNING] Intento de subir archivo sin archivo válido. Error: 1
[2026-02-25 10:43:56][WARNING] Acción no válida recibida: 
[2026-02-25 10:43:56][WARNING] Acción no válida recibida: 
[2026-02-25 10:43:56][WARNING] Acción no válida recibida: 
[2026-02-25 10:43:56][WARNING] Acción no válida recibida: 
[2026-02-25 10:43:57][WARNING] Acción no válida recibida: 
[2026-02-25 10:43:58][WARNING] Acción no válida recibida: 
[2026-02-25 10:43:59][WARNING] Intento de subir archivo sin archivo válido. Error: 1
[2026-02-25 10:43:59][WARNING] Acción no válida recibida: 
[2026-02-25 10:44:01][WARNING] Acción no válida recibida: 
[2026-02-25 10:44:03][WARNING] Acción no válida recibida: 
[2026-02-25 10:44:03][WARNING] Acción no válida recibida: 
[2026-02-25 10:44:05][WARNING] Acción no válida recibida: 
[2026-02-25 10:44:07][WARNING] Intento de subir archivo sin archivo válido. Error: 1
[2026-02-25 10:44:07][WARNING] Acción no válida recibida: 
[2026-02-25 10:44:10][WARNING] Acción no válida recibida: 
[2026-02-25 10:44:12][WARNING] Acción no válida recibida: 
[2026-02-25 10:44:12][WARNING] Acción no válida recibida: 
[2026-02-25 10:44:13][WARNING] Acción no válida recibida: 
[2026-02-25 10:44:16][WARNING] Acción no válida recibida: 
[2026-02-25 10:44:16][WARNING] Intento de subir archivo sin archivo válido. Error: 1
[2026-02-25 10:44:17][WARNING] Acción no válida recibida: 
[2026-02-25 10:44:17][WARNING] Acción no válida recibida: 
[2026-02-25 10:44:19][WARNING] Acción no válida recibida: 
[2026-02-25 10:44:20][WARNING] Intento de subir archivo sin archivo válido. Error: 1
[2026-02-25 10:44:21][WARNING] Acción no válida recibida: 
[2026-02-25 10:44:21][WARNING] Acción no válida recibida: 
[2026-02-25 10:44:24][WARNING] Acción no válida recibida: 
[2026-02-25 10:44:24][WARNING] Acción no válida recibida: 
[2026-02-25 10:44:31][WARNING] Acción no válida recibida: 
[2026-02-25 10:44:32][WARNING] Acción no válida recibida: 
[2026-02-25 10:44:36][ERROR] Error al liberar el usuario de modificación - Usuario: 5, Admin: 16
[2026-02-25 10:44:37][INFO] Archivo JSON leído correctamente: /var/www/practicas2026/app/aplicacionweb/assets/cache/nombreBD.json y los datos: {"nombre":"vltfddb"}
[2026-02-25 10:45:21][INFO] El archivo se ha eliminado correctamente: 116 para cliente: 40
[2026-02-25 10:47:21][INFO] Login: usuario no encontrado - 
[2026-02-25 10:47:21][WARNING] Login fallido para usuario: 
[2026-02-25 10:49:07][INFO] Archivo JSON leído correctamente: /var/www/practicas2026/app/aplicacionweb/assets/cache/nombreBD.json y los datos: {"nombre":"vltfddb"}
[2026-02-25 10:49:09][ERROR] Archivo no encontrado con ID: 
[2026-02-25 10:49:09][INFO] El archivo se ha eliminado correctamente:  para cliente: 
[2026-02-25 10:51:39][INFO] Archivo JSON leído correctamente: /var/www/practicas2026/app/aplicacionweb/assets/cache/nombreBD.json y los datos: {"nombre":"vltfddb"}
[2026-02-25 10:52:35][INFO] Archivo JSON leído correctamente: /var/www/practicas2026/app/aplicacionweb/assets/cache/nombreBD.json y los datos: {"nombre":"vltfddb"}
[2026-02-25 10:56:00][INFO] El archivo se ha eliminado correctamente: 115 para cliente: 40
[2026-02-25 11:35:30][INFO] Archivo JSON leído correctamente: /var/www/practicas2026/app/aplicacionweb/assets/cache/nombreBD.json y los datos: {"nombre":"vltfddb"}
[2026-02-25 11:37:34][INFO] Archivos eliminados correctamente para cliente: 40
[2026-02-25 11:54:03][INFO] Archivo JSON leído correctamente: /var/www/practicas2026/app/aplicacionweb/assets/cache/nombreBD.json y los datos: {"nombre":"vltfddb"}
[2026-02-25 11:54:11][INFO] Archivo JSON leído correctamente: /var/www/practicas2026/app/aplicacionweb/assets/cache/nombreBD.json y los datos: {"nombre":"vltfddb"}
[2026-02-25 12:02:16][INFO] Archivo JSON leído correctamente: /var/www/practicas2026/app/aplicacionweb/assets/cache/nombreBD.json y los datos: {"nombre":"vltfddb"}
[2026-02-25 12:02:17][INFO] Archivo JSON leído correctamente: /var/www/practicas2026/app/aplicacionweb/assets/cache/nombreBD.json y los datos: {"nombre":"vltfddb"}
[2026-02-25 12:02:22][INFO] Archivo JSON leído correctamente: /var/www/practicas2026/app/aplicacionweb/assets/cache/nombreBD.json y los datos: {"nombre":"vltfddb"}
[2026-02-25 12:02:29][INFO] Archivo vltfddb (1).sql por sergio
[2026-02-25 12:02:29][INFO] Archivo procesado exitosamente: vltfddb (1).sql
[2026-02-25 12:03:04][ERROR] ActualizarEstadoUsuario: no se pudo actualizar el estado para usuario: 16
[2026-02-25 12:03:28][ERROR] ActualizarEstadoUsuario: no se pudo actualizar el estado para usuario: 16
[2026-02-25 12:03:37][INFO] Archivo JSON leído correctamente: /var/www/practicas2026/app/aplicacionweb/assets/cache/nombreBD.json y los datos: {"nombre":"vltfddb"}
[2026-02-25 12:04:19][INFO] Archivos eliminados correctamente para cliente: 40
[2026-02-25 12:04:29][WARNING] Intento de subir archivo sin archivo válido. Error: 1
[2026-02-25 12:04:32][INFO] Archivos eliminados correctamente para cliente: 40
[2026-02-25 12:04:53][INFO] Archivo JSON leído correctamente: /var/www/practicas2026/app/aplicacionweb/assets/cache/nombreBD.json y los datos: {"nombre":"vltfddb"}
[2026-02-25 12:04:57][INFO] Archivo JSON leído correctamente: /var/www/practicas2026/app/aplicacionweb/assets/cache/nombreBD.json y los datos: {"nombre":"vltfddb"}
[2026-02-25 12:13:20][INFO] Archivo JSON leído correctamente: /var/www/practicas2026/app/aplicacionweb/assets/cache/nombreBD.json y los datos: {"nombre":"vltfddb"}
[2026-02-25 12:13:25][INFO] Archivo JSON leído correctamente: /var/www/practicas2026/app/aplicacionweb/assets/cache/nombreBD.json y los datos: {"nombre":"vltfddb"}
[2026-02-25 12:13:28][INFO] Archivo JSON leído correctamente: /var/www/practicas2026/app/aplicacionweb/assets/cache/nombreBD.json y los datos: {"nombre":"vltfddb"}
[2026-02-25 12:14:21][INFO] Archivo JSON leído correctamente: /var/www/practicas2026/app/aplicacionweb/assets/cache/nombreBD.json y los datos: {"nombre":"vltfddb"}
[2026-02-25 12:14:32][INFO] Archivo JSON leído correctamente: /var/www/practicas2026/app/aplicacionweb/assets/cache/nombreBD.json y los datos: {"nombre":"vltfddb"}
[2026-02-25 12:47:52][ERROR] ActualizarEstadoUsuario: no se pudo actualizar el estado para usuario: 16
[2026-02-25 12:47:52][WARNING] LoginConCookie: token inválido o expirado
[2026-02-25 12:52:27][INFO] Archivo JSON leído correctamente: /var/www/practicas2026/app/aplicacionweb/assets/cache/nombreBD.json y los datos: {"nombre":"vltfddb"}
[2026-02-25 12:53:49][INFO] Archivo JSON leído correctamente: /var/www/practicas2026/app/aplicacionweb/assets/cache/nombreBD.json y los datos: {"nombre":"vltfddb"}
[2026-02-25 12:53:59][INFO] Archivo JSON leído correctamente: /var/www/practicas2026/app/aplicacionweb/assets/cache/nombreBD.json y los datos: {"nombre":"vltfddb"}
[2026-02-25 12:55:19][INFO] Archivo JSON leído correctamente: /var/www/practicas2026/app/aplicacionweb/assets/cache/nombreBD.json y los datos: {"nombre":"vltfddb"}
[2026-02-25 12:55:37][INFO] Archivo JSON leído correctamente: /var/www/practicas2026/app/aplicacionweb/assets/cache/nombreBD.json y los datos: {"nombre":"vltfddb"}
[2026-02-25 12:55:45][INFO] Archivo JSON leído correctamente: /var/www/practicas2026/app/aplicacionweb/assets/cache/nombreBD.json y los datos: {"nombre":"vltfddb"}
[2026-02-25 12:55:48][INFO] Archivo JSON leído correctamente: /var/www/practicas2026/app/aplicacionweb/assets/cache/nombreBD.json y los datos: {"nombre":"vltfddb"}
[2026-02-25 12:55:51][INFO] Archivo JSON leído correctamente: /var/www/practicas2026/app/aplicacionweb/assets/cache/nombreBD.json y los datos: {"nombre":"vltfddb"}
[2026-02-25 12:56:23][INFO] Archivos eliminados correctamente para cliente: 39
[2026-02-25 12:57:09][INFO] Archivo JSON leído correctamente: /var/www/practicas2026/app/aplicacionweb/assets/cache/nombreBD.json y los datos: {"nombre":"vltfddb"}
[2026-02-25 12:57:13][INFO] Archivo JSON leído correctamente: /var/www/practicas2026/app/aplicacionweb/assets/cache/nombreBD.json y los datos: {"nombre":"vltfddb"}
[2026-02-25 12:57:16][INFO] Archivo JSON leído correctamente: /var/www/practicas2026/app/aplicacionweb/assets/cache/nombreBD.json y los datos: {"nombre":"vltfddb"}
[2026-02-25 12:57:17][INFO] Archivo JSON leído correctamente: /var/www/practicas2026/app/aplicacionweb/assets/cache/nombreBD.json y los datos: {"nombre":"vltfddb"}
[2026-02-25 12:57:35][INFO] Archivo JSON leído correctamente: /var/www/practicas2026/app/aplicacionweb/assets/cache/nombreBD.json y los datos: {"nombre":"vltfddb"}
[2026-02-25 12:57:41][INFO] Archivo JSON leído correctamente: /var/www/practicas2026/app/aplicacionweb/assets/cache/nombreBD.json y los datos: {"nombre":"vltfddb"}
[2026-02-25 12:57:48][ERROR] ActualizarEstadoUsuario: no se pudo actualizar el estado para usuario: 16
[2026-02-25 12:57:58][INFO] Archivo JSON leído correctamente: /var/www/practicas2026/app/aplicacionweb/assets/cache/nombreBD.json y los datos: {"nombre":"vltfddb"}
[2026-02-25 13:00:32][INFO] Archivo JSON leído correctamente: /var/www/practicas2026/app/aplicacionweb/assets/cache/nombreBD.json y los datos: {"nombre":"vltfddb"}
[2026-02-25 13:00:40][INFO] Archivo JSON leído correctamente: /var/www/practicas2026/app/aplicacionweb/assets/cache/nombreBD.json y los datos: {"nombre":"vltfddb"}
[2026-02-25 13:00:43][INFO] Archivo JSON leído correctamente: /var/www/practicas2026/app/aplicacionweb/assets/cache/nombreBD.json y los datos: {"nombre":"vltfddb"}
[2026-02-25 13:01:28][INFO] Archivo JSON leído correctamente: /var/www/practicas2026/app/aplicacionweb/assets/cache/nombreBD.json y los datos: {"nombre":"vltfddb"}
[2026-02-25 13:01:31][INFO] Archivo JSON leído correctamente: /var/www/practicas2026/app/aplicacionweb/assets/cache/nombreBD.json y los datos: {"nombre":"vltfddb"}
[2026-02-25 13:02:28][ERROR] ActualizarEstadoUsuario: no se pudo actualizar el estado para usuario: 52
[2026-02-25 13:11:02][ERROR] ActualizarEstadoUsuario: no se pudo actualizar el estado para usuario: 16
[2026-02-25 13:11:12][INFO] Archivos eliminados correctamente para cliente: 40
[2026-02-25 13:11:41][WARNING] Intento de subir archivo sin archivo válido. Error: 1
[2026-02-25 13:11:46][INFO] Archivos eliminados correctamente para cliente: 40
[2026-02-25 13:46:42][INFO] Archivo JSON leído correctamente: /var/www/practicas2026/app/aplicacionweb/assets/cache/nombreBD.json y los datos: {"nombre":"vltfddb"}
[2026-02-25 13:46:43][INFO] Archivo JSON leído correctamente: /var/www/practicas2026/app/aplicacionweb/assets/cache/nombreBD.json y los datos: {"nombre":"vltfddb"}
