[2026-04-14 08:58:45][INFO] Usuario 'sergio' ya tiene una sesión activa. Eliminando sesión anterior.
[2026-04-14 08:59:40][INFO] Usuario 'PruebaF' ya tiene una sesión activa. Eliminando sesión anterior.
[2026-04-14 08:59:43][INFO] ModificarVariablesEntorno: variables recibidas - Gestor Documental GDC
[2026-04-14 08:59:43][INFO] ModificarVariablesEntorno: variables recibidas - 0.98.0
[2026-04-14 08:59:43][INFO] ModificarVariablesEntorno: variables recibidas - Aplicación web de gestión de archivos y usuarios
[2026-04-14 08:59:43][INFO] ModificarVariablesEntorno: variables recibidas - © 2026 Sergio y Manel. Todos los derechos reservados.
[2026-04-14 08:59:43][INFO] ModificarVariablesEntorno: variables recibidas - 2
[2026-04-14 08:59:43][INFO] ModificarVariablesEntorno: variables recibidas - false
[2026-04-14 08:59:43][INFO] Archivo de configuración es escribible
[2026-04-14 08:59:43][INFO] Variables de entorno modificadas correctamente
[2026-04-14 09:02:55][INFO] ModificarVariablesEntorno: variables recibidas - Gestor Documental GDC
[2026-04-14 09:02:55][INFO] ModificarVariablesEntorno: variables recibidas - 0.98.0
[2026-04-14 09:02:55][INFO] ModificarVariablesEntorno: variables recibidas - Aplicación web de gestión de archivos y usuarios
[2026-04-14 09:02:55][INFO] ModificarVariablesEntorno: variables recibidas - © 2026 Sergio y Manel. Todos los derechos reservados.
[2026-04-14 09:02:55][INFO] ModificarVariablesEntorno: variables recibidas - 2
[2026-04-14 09:02:55][INFO] ModificarVariablesEntorno: variables recibidas - false
[2026-04-14 09:02:55][INFO] Archivo de configuración es escribible
[2026-04-14 09:02:55][INFO] Variables de entorno modificadas correctamente
[2026-04-14 09:03:19][INFO] ModificarVariablesEntorno: variables recibidas - Gestor Documental
[2026-04-14 09:03:19][INFO] ModificarVariablesEntorno: variables recibidas - 0.98.0
[2026-04-14 09:03:19][INFO] ModificarVariablesEntorno: variables recibidas - Aplicación web de gestión de archivos y usuarios
[2026-04-14 09:03:19][INFO] ModificarVariablesEntorno: variables recibidas - © 2026 Sergio y Manel. Todos los derechos reservados.
[2026-04-14 09:03:19][INFO] ModificarVariablesEntorno: variables recibidas - 2
[2026-04-14 09:03:19][INFO] ModificarVariablesEntorno: variables recibidas - false
[2026-04-14 09:03:19][INFO] Archivo de configuración es escribible
[2026-04-14 09:03:19][INFO] Variables de entorno modificadas correctamente
[2026-04-14 09:05:49][INFO] ModificarVariablesEntorno: variables recibidas - Gestor Documental GDC
[2026-04-14 09:05:49][INFO] ModificarVariablesEntorno: variables recibidas - 0.98.0
[2026-04-14 09:05:49][INFO] ModificarVariablesEntorno: variables recibidas - Aplicación web de gestión de archivos y usuarios
[2026-04-14 09:05:49][INFO] ModificarVariablesEntorno: variables recibidas - © 2026 Sergio y Manel. Todos los derechos reservados.
[2026-04-14 09:05:49][INFO] ModificarVariablesEntorno: variables recibidas - 2
[2026-04-14 09:05:49][INFO] ModificarVariablesEntorno: variables recibidas - false
[2026-04-14 09:05:49][INFO] Archivo de configuración es escribible
[2026-04-14 09:05:49][INFO] Variables de entorno modificadas correctamente
[2026-04-14 09:06:02][INFO] ModificarVariablesEntorno: variables recibidas - Gestor Documental GDC
[2026-04-14 09:06:02][INFO] ModificarVariablesEntorno: variables recibidas - 1.0.0
[2026-04-14 09:06:02][INFO] ModificarVariablesEntorno: variables recibidas - Aplicación web de gestión de archivos y usuarios
[2026-04-14 09:06:02][INFO] ModificarVariablesEntorno: variables recibidas - © 2026 Sergio y Manel. Todos los derechos reservados.
[2026-04-14 09:06:02][INFO] ModificarVariablesEntorno: variables recibidas - 2
[2026-04-14 09:06:02][INFO] ModificarVariablesEntorno: variables recibidas - false
[2026-04-14 09:06:02][INFO] Archivo de configuración es escribible
[2026-04-14 09:06:02][INFO] Variables de entorno modificadas correctamente
[2026-04-14 09:11:58][INFO] ModificarVariablesEntorno: variables recibidas - Gestor Documental GD
[2026-04-14 09:11:58][INFO] ModificarVariablesEntorno: variables recibidas - 1.0.0
[2026-04-14 09:11:58][INFO] ModificarVariablesEntorno: variables recibidas - Aplicación web de gestión de archivos y usuarios
[2026-04-14 09:11:58][INFO] ModificarVariablesEntorno: variables recibidas - © 2026 Sergio y Manel. Todos los derechos reservados.
[2026-04-14 09:11:58][INFO] ModificarVariablesEntorno: variables recibidas - 2
[2026-04-14 09:11:58][INFO] ModificarVariablesEntorno: variables recibidas - false
[2026-04-14 09:11:58][INFO] Archivo de configuración es escribible
[2026-04-14 09:11:58][INFO] Variables de entorno modificadas correctamente
[2026-04-14 09:12:24][INFO] ModificarVariablesEntorno: variables recibidas - Gestor Documental GDC
[2026-04-14 09:12:24][INFO] ModificarVariablesEntorno: variables recibidas - 1.0.0
[2026-04-14 09:12:24][INFO] ModificarVariablesEntorno: variables recibidas - Aplicación web de gestión de archivos y usuarios
[2026-04-14 09:12:24][INFO] ModificarVariablesEntorno: variables recibidas - © 2026 Sergio y Manel. Todos los derechos reservados.
[2026-04-14 09:12:24][INFO] ModificarVariablesEntorno: variables recibidas - 2
[2026-04-14 09:12:24][INFO] ModificarVariablesEntorno: variables recibidas - false
[2026-04-14 09:12:24][INFO] Archivo de configuración es escribible
[2026-04-14 09:12:24][INFO] Variables de entorno modificadas correctamente
[2026-04-14 09:13:12][INFO] ModificarVariablesEntorno: variables recibidas - Gestor Documental GD
[2026-04-14 09:13:12][INFO] ModificarVariablesEntorno: variables recibidas - 1.0.0
[2026-04-14 09:13:12][INFO] ModificarVariablesEntorno: variables recibidas - Aplicación web de gestión de archivos y usuarios
[2026-04-14 09:13:12][INFO] ModificarVariablesEntorno: variables recibidas - © 2026 Sergio y Manel. Todos los derechos reservados.
[2026-04-14 09:13:12][INFO] ModificarVariablesEntorno: variables recibidas - 2
[2026-04-14 09:13:12][INFO] ModificarVariablesEntorno: variables recibidas - false
[2026-04-14 09:13:12][INFO] Archivo de configuración es escribible
[2026-04-14 09:13:12][INFO] Variables de entorno modificadas correctamente
[2026-04-14 09:13:53][INFO] ModificarVariablesEntorno: variables recibidas - Gestor Documental GDc
[2026-04-14 09:13:53][INFO] ModificarVariablesEntorno: variables recibidas - 1.0.0
[2026-04-14 09:13:53][INFO] ModificarVariablesEntorno: variables recibidas - Aplicación web de gestión de archivos y usuarios
[2026-04-14 09:13:53][INFO] ModificarVariablesEntorno: variables recibidas - © 2026 Sergio y Manel. Todos los derechos reservados.
[2026-04-14 09:13:53][INFO] ModificarVariablesEntorno: variables recibidas - 2
[2026-04-14 09:13:53][INFO] ModificarVariablesEntorno: variables recibidas - false
[2026-04-14 09:13:53][INFO] Archivo de configuración es escribible
[2026-04-14 09:13:53][INFO] Variables de entorno modificadas correctamente
[2026-04-14 09:14:21][INFO] ModificarVariablesEntorno: variables recibidas - Gestor Documental GDC
[2026-04-14 09:14:21][INFO] ModificarVariablesEntorno: variables recibidas - 1.0.0
[2026-04-14 09:14:21][INFO] ModificarVariablesEntorno: variables recibidas - Aplicación web de gestión de archivos y usuarios
[2026-04-14 09:14:21][INFO] ModificarVariablesEntorno: variables recibidas - © 2026 Sergio y Manel. Todos los derechos reservados.
[2026-04-14 09:14:21][INFO] ModificarVariablesEntorno: variables recibidas - 2
[2026-04-14 09:14:21][INFO] ModificarVariablesEntorno: variables recibidas - false
[2026-04-14 09:14:21][INFO] Archivo de configuración es escribible
[2026-04-14 09:14:21][INFO] Variables de entorno modificadas correctamente
[2026-04-14 09:18:30][INFO] ModificarVariablesEntorno: variables recibidas - Gestor Documental GD
[2026-04-14 09:18:30][INFO] ModificarVariablesEntorno: variables recibidas - 1.0.0
[2026-04-14 09:18:30][INFO] ModificarVariablesEntorno: variables recibidas - Aplicación web de gestión de archivos y usuarios
[2026-04-14 09:18:30][INFO] ModificarVariablesEntorno: variables recibidas - © 2026 Sergio y Manel. Todos los derechos reservados.
[2026-04-14 09:18:30][INFO] ModificarVariablesEntorno: variables recibidas - 2
[2026-04-14 09:18:30][INFO] ModificarVariablesEntorno: variables recibidas - false
[2026-04-14 09:18:30][INFO] Archivo de configuración es escribible
[2026-04-14 09:18:30][INFO] Variables de entorno modificadas correctamente
[2026-04-14 09:22:52][INFO] ModificarVariablesEntorno: variables recibidas - Gestor Documental GDC
[2026-04-14 09:22:52][INFO] ModificarVariablesEntorno: variables recibidas - 1.0.0
[2026-04-14 09:22:52][INFO] ModificarVariablesEntorno: variables recibidas - Aplicación web de gestión de archivos y usuarios
[2026-04-14 09:22:52][INFO] ModificarVariablesEntorno: variables recibidas - © 2026 Sergio y Manel. Todos los derechos reservados.
[2026-04-14 09:22:52][INFO] ModificarVariablesEntorno: variables recibidas - 2
[2026-04-14 09:22:52][INFO] ModificarVariablesEntorno: variables recibidas - false
[2026-04-14 09:22:52][INFO] Archivo de configuración es escribible
[2026-04-14 09:22:52][INFO] Variables de entorno modificadas correctamente
[2026-04-14 09:25:11][INFO] Archivo JSON leído correctamente: /var/www/practicas2026/app/aplicacionweb/assets/cache/nombreBD.json y los datos: {"nombre":"vltfddb","campoTabla":["femp","fautoria","fperiodos","fconv","ftsalariales","fmod","fhab","fusu","fservicios","fseroption","fserdoc","fsession","fop","fsex","ftipcontrato","ftitulacion","fdocop","fopcur","fophig","fcppob","fmsg","fmsgrep","fmsgview","fgrupos","fgrop","foptsalarial","fopclts","foprc","foprcdet","fopcon","fconfun","fconconfun","fmotbaja","fmotsuspension","fopconbaja","fopio","fopmaio","fopmat","fopmatrc","fopmatdet","ftardia","fopcontrol","favisos","fecivil","fprocedencia","fconvivencia","femotivos","fparentescos","ftarea","flistas","fturnos","fcuadrante","fcuaopestado","frotactivo","fturnostareas","fturnosop","fturnoespecial","frotacion","frotdet","frango","frangoturno","ftdpto","fturtartur","ftttaction","fturnan","fgroup","fapp","fempresas","fempo","fconlog","ffdestado","frespre","ftardiareg","feventos","feventoslive","fregjornada","fdoc","fdiasfestivos","fnominas","festadosop","fplan","fcabperiodos","fregpass","fconvpar","fopconbajacab","fregjornadalog","ftipdiscapacidad","fpermisos","fopmod145","fopexpediente"," 0","fturnosevent","ftippermisos","foppermisos","fregjornadainfo","fregjornadainfoaux","fregjornadainfosuccess","fregjornadaoptionsuccess","fanomalia","fregjornadaresult","","fddbindex","fturnosrota","fcuadranterota"]}
[2026-04-14 09:25:18][INFO] Archivo JSON leído correctamente: /var/www/practicas2026/app/aplicacionweb/assets/cache/nombreBD.json y los datos: {"nombre":"vltfddb","campoTabla":["femp","fautoria","fperiodos","fconv","ftsalariales","fmod","fhab","fusu","fservicios","fseroption","fserdoc","fsession","fop","fsex","ftipcontrato","ftitulacion","fdocop","fopcur","fophig","fcppob","fmsg","fmsgrep","fmsgview","fgrupos","fgrop","foptsalarial","fopclts","foprc","foprcdet","fopcon","fconfun","fconconfun","fmotbaja","fmotsuspension","fopconbaja","fopio","fopmaio","fopmat","fopmatrc","fopmatdet","ftardia","fopcontrol","favisos","fecivil","fprocedencia","fconvivencia","femotivos","fparentescos","ftarea","flistas","fturnos","fcuadrante","fcuaopestado","frotactivo","fturnostareas","fturnosop","fturnoespecial","frotacion","frotdet","frango","frangoturno","ftdpto","fturtartur","ftttaction","fturnan","fgroup","fapp","fempresas","fempo","fconlog","ffdestado","frespre","ftardiareg","feventos","feventoslive","fregjornada","fdoc","fdiasfestivos","fnominas","festadosop","fplan","fcabperiodos","fregpass","fconvpar","fopconbajacab","fregjornadalog","ftipdiscapacidad","fpermisos","fopmod145","fopexpediente"," 0","fturnosevent","ftippermisos","foppermisos","fregjornadainfo","fregjornadainfoaux","fregjornadainfosuccess","fregjornadaoptionsuccess","fanomalia","fregjornadaresult","","fddbindex","fturnosrota","fcuadranterota"]}
[2026-04-14 09:25:27][INFO] Archivo JSON leído correctamente: /var/www/practicas2026/app/aplicacionweb/assets/cache/nombreBD.json y los datos: {"nombre":"vltfddb","campoTabla":["femp","fautoria","fperiodos","fconv","ftsalariales","fmod","fhab","fusu","fservicios","fseroption","fserdoc","fsession","fop","fsex","ftipcontrato","ftitulacion","fdocop","fopcur","fophig","fcppob","fmsg","fmsgrep","fmsgview","fgrupos","fgrop","foptsalarial","fopclts","foprc","foprcdet","fopcon","fconfun","fconconfun","fmotbaja","fmotsuspension","fopconbaja","fopio","fopmaio","fopmat","fopmatrc","fopmatdet","ftardia","fopcontrol","favisos","fecivil","fprocedencia","fconvivencia","femotivos","fparentescos","ftarea","flistas","fturnos","fcuadrante","fcuaopestado","frotactivo","fturnostareas","fturnosop","fturnoespecial","frotacion","frotdet","frango","frangoturno","ftdpto","fturtartur","ftttaction","fturnan","fgroup","fapp","fempresas","fempo","fconlog","ffdestado","frespre","ftardiareg","feventos","feventoslive","fregjornada","fdoc","fdiasfestivos","fnominas","festadosop","fplan","fcabperiodos","fregpass","fconvpar","fopconbajacab","fregjornadalog","ftipdiscapacidad","fpermisos","fopmod145","fopexpediente"," 0","fturnosevent","ftippermisos","foppermisos","fregjornadainfo","fregjornadainfoaux","fregjornadainfosuccess","fregjornadaoptionsuccess","fanomalia","fregjornadaresult","","fddbindex","fturnosrota","fcuadranterota"]}
[2026-04-14 09:25:35][INFO] Archivo JSON leído correctamente: /var/www/practicas2026/app/aplicacionweb/assets/cache/nombreBD.json y los datos: {"nombre":"vltfddb","campoTabla":["femp","fautoria","fperiodos","fconv","ftsalariales","fmod","fhab","fusu","fservicios","fseroption","fserdoc","fsession","fop","fsex","ftipcontrato","ftitulacion","fdocop","fopcur","fophig","fcppob","fmsg","fmsgrep","fmsgview","fgrupos","fgrop","foptsalarial","fopclts","foprc","foprcdet","fopcon","fconfun","fconconfun","fmotbaja","fmotsuspension","fopconbaja","fopio","fopmaio","fopmat","fopmatrc","fopmatdet","ftardia","fopcontrol","favisos","fecivil","fprocedencia","fconvivencia","femotivos","fparentescos","ftarea","flistas","fturnos","fcuadrante","fcuaopestado","frotactivo","fturnostareas","fturnosop","fturnoespecial","frotacion","frotdet","frango","frangoturno","ftdpto","fturtartur","ftttaction","fturnan","fgroup","fapp","fempresas","fempo","fconlog","ffdestado","frespre","ftardiareg","feventos","feventoslive","fregjornada","fdoc","fdiasfestivos","fnominas","festadosop","fplan","fcabperiodos","fregpass","fconvpar","fopconbajacab","fregjornadalog","ftipdiscapacidad","fpermisos","fopmod145","fopexpediente"," 0","fturnosevent","ftippermisos","foppermisos","fregjornadainfo","fregjornadainfoaux","fregjornadainfosuccess","fregjornadaoptionsuccess","fanomalia","fregjornadaresult","","fddbindex","fturnosrota","fcuadranterota"]}
[2026-04-14 09:25:39][INFO] Archivo JSON leído correctamente: /var/www/practicas2026/app/aplicacionweb/assets/cache/nombreBD.json y los datos: {"nombre":"vltfddb","campoTabla":["femp","fautoria","fperiodos","fconv","ftsalariales","fmod","fhab","fusu","fservicios","fseroption","fserdoc","fsession","fop","fsex","ftipcontrato","ftitulacion","fdocop","fopcur","fophig","fcppob","fmsg","fmsgrep","fmsgview","fgrupos","fgrop","foptsalarial","fopclts","foprc","foprcdet","fopcon","fconfun","fconconfun","fmotbaja","fmotsuspension","fopconbaja","fopio","fopmaio","fopmat","fopmatrc","fopmatdet","ftardia","fopcontrol","favisos","fecivil","fprocedencia","fconvivencia","femotivos","fparentescos","ftarea","flistas","fturnos","fcuadrante","fcuaopestado","frotactivo","fturnostareas","fturnosop","fturnoespecial","frotacion","frotdet","frango","frangoturno","ftdpto","fturtartur","ftttaction","fturnan","fgroup","fapp","fempresas","fempo","fconlog","ffdestado","frespre","ftardiareg","feventos","feventoslive","fregjornada","fdoc","fdiasfestivos","fnominas","festadosop","fplan","fcabperiodos","fregpass","fconvpar","fopconbajacab","fregjornadalog","ftipdiscapacidad","fpermisos","fopmod145","fopexpediente"," 0","fturnosevent","ftippermisos","foppermisos","fregjornadainfo","fregjornadainfoaux","fregjornadainfosuccess","fregjornadaoptionsuccess","fanomalia","fregjornadaresult","","fddbindex","fturnosrota","fcuadranterota"]}
[2026-04-14 09:27:11][WARNING] ModificarVariablesEntorno: usuario sin permisos - hola
[2026-04-14 09:27:39][INFO] Archivo JSON leído correctamente: /var/www/practicas2026/app/aplicacionweb/assets/cache/nombreBD.json y los datos: {"nombre":"vltfddb","campoTabla":["femp","fautoria","fperiodos","fconv","ftsalariales","fmod","fhab","fusu","fservicios","fseroption","fserdoc","fsession","fop","fsex","ftipcontrato","ftitulacion","fdocop","fopcur","fophig","fcppob","fmsg","fmsgrep","fmsgview","fgrupos","fgrop","foptsalarial","fopclts","foprc","foprcdet","fopcon","fconfun","fconconfun","fmotbaja","fmotsuspension","fopconbaja","fopio","fopmaio","fopmat","fopmatrc","fopmatdet","ftardia","fopcontrol","favisos","fecivil","fprocedencia","fconvivencia","femotivos","fparentescos","ftarea","flistas","fturnos","fcuadrante","fcuaopestado","frotactivo","fturnostareas","fturnosop","fturnoespecial","frotacion","frotdet","frango","frangoturno","ftdpto","fturtartur","ftttaction","fturnan","fgroup","fapp","fempresas","fempo","fconlog","ffdestado","frespre","ftardiareg","feventos","feventoslive","fregjornada","fdoc","fdiasfestivos","fnominas","festadosop","fplan","fcabperiodos","fregpass","fconvpar","fopconbajacab","fregjornadalog","ftipdiscapacidad","fpermisos","fopmod145","fopexpediente"," 0","fturnosevent","ftippermisos","foppermisos","fregjornadainfo","fregjornadainfoaux","fregjornadainfosuccess","fregjornadaoptionsuccess","fanomalia","fregjornadaresult","","fddbindex","fturnosrota","fcuadranterota"]}
[2026-04-14 09:31:47][INFO] ModificarVariablesEntorno: variables recibidas - Gestor Documental
[2026-04-14 09:31:47][INFO] ModificarVariablesEntorno: variables recibidas - 1.0.0
[2026-04-14 09:31:47][INFO] ModificarVariablesEntorno: variables recibidas - Aplicación web de gestión de archivos y usuarios
[2026-04-14 09:31:47][INFO] ModificarVariablesEntorno: variables recibidas - © 2026 Sergio y Manel. Todos los derechos reservados.
[2026-04-14 09:31:47][INFO] ModificarVariablesEntorno: variables recibidas - 2
[2026-04-14 09:31:47][INFO] ModificarVariablesEntorno: variables recibidas - false
[2026-04-14 09:31:47][INFO] Archivo de configuración es escribible
[2026-04-14 09:31:47][INFO] Variables de entorno modificadas correctamente
[2026-04-14 09:33:22][INFO] ModificarVariablesEntorno: variables recibidas - Gestor Documental GDC
[2026-04-14 09:33:22][INFO] ModificarVariablesEntorno: variables recibidas - 1.0.0
[2026-04-14 09:33:22][INFO] ModificarVariablesEntorno: variables recibidas - Aplicación web de gestión de archivos y usuarios
[2026-04-14 09:33:22][INFO] ModificarVariablesEntorno: variables recibidas - © 2026 Sergio y Manel. Todos los derechos reservados.
[2026-04-14 09:33:22][INFO] ModificarVariablesEntorno: variables recibidas - 2
[2026-04-14 09:33:22][INFO] ModificarVariablesEntorno: variables recibidas - false
[2026-04-14 09:33:22][INFO] Archivo de configuración es escribible
[2026-04-14 09:33:22][INFO] Variables de entorno modificadas correctamente
[2026-04-14 09:41:21][INFO] ModificarVariablesEntorno: variables recibidas - Gestor Documental
[2026-04-14 09:41:21][INFO] ModificarVariablesEntorno: variables recibidas - 1.0.0
[2026-04-14 09:41:21][INFO] ModificarVariablesEntorno: variables recibidas - Aplicación web de gestión de archivos y usuarios
[2026-04-14 09:41:21][INFO] ModificarVariablesEntorno: variables recibidas - © 2026 Sergio y Manel. Todos los derechos reservados.
[2026-04-14 09:41:21][INFO] ModificarVariablesEntorno: variables recibidas - 2
[2026-04-14 09:41:21][INFO] ModificarVariablesEntorno: variables recibidas - false
[2026-04-14 09:41:21][INFO] Archivo de configuración es escribible
[2026-04-14 09:41:21][INFO] Variables de entorno modificadas correctamente
[2026-04-14 09:41:27][INFO] ModificarVariablesEntorno: variables recibidas - Gestor Documental GDC
[2026-04-14 09:41:27][INFO] ModificarVariablesEntorno: variables recibidas - 1.0.0
[2026-04-14 09:41:27][INFO] ModificarVariablesEntorno: variables recibidas - Aplicación web de gestión de archivos y usuarios
[2026-04-14 09:41:27][INFO] ModificarVariablesEntorno: variables recibidas - © 2026 Sergio y Manel. Todos los derechos reservados.
[2026-04-14 09:41:27][INFO] ModificarVariablesEntorno: variables recibidas - 2
[2026-04-14 09:41:27][INFO] ModificarVariablesEntorno: variables recibidas - false
[2026-04-14 09:41:27][INFO] Archivo de configuración es escribible
[2026-04-14 09:41:27][INFO] Variables de entorno modificadas correctamente
[2026-04-14 09:42:05][INFO] ModificarVariablesEntorno: variables recibidas - Gestor Documental
[2026-04-14 09:42:05][INFO] ModificarVariablesEntorno: variables recibidas - 1.0.0
[2026-04-14 09:42:05][INFO] ModificarVariablesEntorno: variables recibidas - Aplicación web de gestión de archivos y usuarios
[2026-04-14 09:42:05][INFO] ModificarVariablesEntorno: variables recibidas - © 2026 Sergio y Manel. Todos los derechos reservados.
[2026-04-14 09:42:05][INFO] ModificarVariablesEntorno: variables recibidas - 2
[2026-04-14 09:42:05][INFO] ModificarVariablesEntorno: variables recibidas - false
[2026-04-14 09:42:05][INFO] Archivo de configuración es escribible
[2026-04-14 09:42:05][INFO] Variables de entorno modificadas correctamente
[2026-04-14 09:42:54][INFO] ModificarVariablesEntorno: variables recibidas - Gestor Documental GDC
[2026-04-14 09:42:54][INFO] ModificarVariablesEntorno: variables recibidas - 1.0.0
[2026-04-14 09:42:54][INFO] ModificarVariablesEntorno: variables recibidas - Aplicación web de gestión de archivos y usuarios
[2026-04-14 09:42:54][INFO] ModificarVariablesEntorno: variables recibidas - © 2026 Sergio y Manel. Todos los derechos reservados.
[2026-04-14 09:42:54][INFO] ModificarVariablesEntorno: variables recibidas - 2
[2026-04-14 09:42:54][INFO] ModificarVariablesEntorno: variables recibidas - false
[2026-04-14 09:42:54][INFO] Archivo de configuración es escribible
[2026-04-14 09:42:54][INFO] Variables de entorno modificadas correctamente
[2026-04-14 09:43:50][INFO] ModificarVariablesEntorno: variables recibidas - Gestor Documental
[2026-04-14 09:43:50][INFO] ModificarVariablesEntorno: variables recibidas - 1.0.0
[2026-04-14 09:43:50][INFO] ModificarVariablesEntorno: variables recibidas - Aplicación web de gestión de archivos y usuarios
[2026-04-14 09:43:50][INFO] ModificarVariablesEntorno: variables recibidas - © 2026 Sergio y Manel. Todos los derechos reservados.
[2026-04-14 09:43:50][INFO] ModificarVariablesEntorno: variables recibidas - 2
[2026-04-14 09:43:50][INFO] ModificarVariablesEntorno: variables recibidas - false
[2026-04-14 09:43:50][INFO] Archivo de configuración es escribible
[2026-04-14 09:43:50][INFO] Variables de entorno modificadas correctamente
[2026-04-14 09:44:56][INFO] ModificarVariablesEntorno: variables recibidas - Gestor Documental GDC
[2026-04-14 09:44:56][INFO] ModificarVariablesEntorno: variables recibidas - 1.0.0
[2026-04-14 09:44:56][INFO] ModificarVariablesEntorno: variables recibidas - Aplicación web de gestión de archivos y usuarios
[2026-04-14 09:44:56][INFO] ModificarVariablesEntorno: variables recibidas - © 2026 Sergio y Manel. Todos los derechos reservados.
[2026-04-14 09:44:56][INFO] ModificarVariablesEntorno: variables recibidas - 2
[2026-04-14 09:44:56][INFO] ModificarVariablesEntorno: variables recibidas - false
[2026-04-14 09:44:56][INFO] Archivo de configuración es escribible
[2026-04-14 09:44:56][INFO] Variables de entorno modificadas correctamente
[2026-04-14 09:45:06][INFO] ModificarVariablesEntorno: variables recibidas - Gestor Documental GDC
[2026-04-14 09:45:06][INFO] ModificarVariablesEntorno: variables recibidas - 0.98.0
[2026-04-14 09:45:06][INFO] ModificarVariablesEntorno: variables recibidas - Aplicación web de gestión de archivos y usuarios
[2026-04-14 09:45:06][INFO] ModificarVariablesEntorno: variables recibidas - © 2026 Sergio y Manel. Todos los derechos reservados.
[2026-04-14 09:45:06][INFO] ModificarVariablesEntorno: variables recibidas - 2
[2026-04-14 09:45:06][INFO] ModificarVariablesEntorno: variables recibidas - false
[2026-04-14 09:45:06][INFO] Archivo de configuración es escribible
[2026-04-14 09:45:06][INFO] Variables de entorno modificadas correctamente
[2026-04-14 09:46:20][INFO] ModificarVariablesEntorno: variables recibidas - Gestor Documental GDC
[2026-04-14 09:46:20][INFO] ModificarVariablesEntorno: variables recibidas - 0.98.0
[2026-04-14 09:46:20][INFO] ModificarVariablesEntorno: variables recibidas - Aplicación web monolítica en PHP + MySQL para gestión interna de usuarios, clientes y archivos, con autenticación segura, carga de archivos SQL y visualización dinámica de datos mediante AJAX.
[2026-04-14 09:46:20][INFO] ModificarVariablesEntorno: variables recibidas - © 2026 Sergio y Manel. Todos los derechos reservados.
[2026-04-14 09:46:20][INFO] ModificarVariablesEntorno: variables recibidas - 2
[2026-04-14 09:46:20][INFO] ModificarVariablesEntorno: variables recibidas - false
[2026-04-14 09:46:20][INFO] Archivo de configuración es escribible
[2026-04-14 09:46:20][INFO] Variables de entorno modificadas correctamente
[2026-04-14 09:47:59][INFO] ModificarVariablesEntorno: variables recibidas - Gestor Documental
[2026-04-14 09:47:59][INFO] ModificarVariablesEntorno: variables recibidas - 0.98.0
[2026-04-14 09:47:59][INFO] ModificarVariablesEntorno: variables recibidas - Aplicación web monolítica en PHP + MySQL para gestión interna de usuarios, clientes y archivos, con autenticación segura, carga de archivos SQL y visualización dinámica de datos mediante AJAX.
[2026-04-14 09:47:59][INFO] ModificarVariablesEntorno: variables recibidas - © 2026 Sergio y Manel. Todos los derechos reservados.
[2026-04-14 09:47:59][INFO] ModificarVariablesEntorno: variables recibidas - 2
[2026-04-14 09:47:59][INFO] ModificarVariablesEntorno: variables recibidas - false
[2026-04-14 09:47:59][INFO] Archivo de configuración es escribible
[2026-04-14 09:47:59][INFO] Variables de entorno modificadas correctamente
[2026-04-14 09:48:11][INFO] ModificarVariablesEntorno: variables recibidas - Gestor Documental GDC
[2026-04-14 09:48:11][INFO] ModificarVariablesEntorno: variables recibidas - 0.98.0
[2026-04-14 09:48:11][INFO] ModificarVariablesEntorno: variables recibidas - Aplicación web monolítica en PHP + MySQL para gestión interna de usuarios, clientes y archivos, con autenticación segura, carga de archivos SQL y visualización dinámica de datos mediante AJAX.
[2026-04-14 09:48:11][INFO] ModificarVariablesEntorno: variables recibidas - © 2026 Sergio y Manel. Todos los derechos reservados.
[2026-04-14 09:48:11][INFO] ModificarVariablesEntorno: variables recibidas - 2
[2026-04-14 09:48:11][INFO] ModificarVariablesEntorno: variables recibidas - false
[2026-04-14 09:48:11][INFO] Archivo de configuración es escribible
[2026-04-14 09:48:11][INFO] Variables de entorno modificadas correctamente
[2026-04-14 09:49:04][INFO] Archivo JSON leído correctamente: /var/www/practicas2026/app/aplicacionweb/assets/cache/nombreBD.json y los datos: {"nombre":"vltfddb","campoTabla":["femp","fautoria","fperiodos","fconv","ftsalariales","fmod","fhab","fusu","fservicios","fseroption","fserdoc","fsession","fop","fsex","ftipcontrato","ftitulacion","fdocop","fopcur","fophig","fcppob","fmsg","fmsgrep","fmsgview","fgrupos","fgrop","foptsalarial","fopclts","foprc","foprcdet","fopcon","fconfun","fconconfun","fmotbaja","fmotsuspension","fopconbaja","fopio","fopmaio","fopmat","fopmatrc","fopmatdet","ftardia","fopcontrol","favisos","fecivil","fprocedencia","fconvivencia","femotivos","fparentescos","ftarea","flistas","fturnos","fcuadrante","fcuaopestado","frotactivo","fturnostareas","fturnosop","fturnoespecial","frotacion","frotdet","frango","frangoturno","ftdpto","fturtartur","ftttaction","fturnan","fgroup","fapp","fempresas","fempo","fconlog","ffdestado","frespre","ftardiareg","feventos","feventoslive","fregjornada","fdoc","fdiasfestivos","fnominas","festadosop","fplan","fcabperiodos","fregpass","fconvpar","fopconbajacab","fregjornadalog","ftipdiscapacidad","fpermisos","fopmod145","fopexpediente"," 0","fturnosevent","ftippermisos","foppermisos","fregjornadainfo","fregjornadainfoaux","fregjornadainfosuccess","fregjornadaoptionsuccess","fanomalia","fregjornadaresult","","fddbindex","fturnosrota","fcuadranterota"]}
